<?xml version="1.0" encoding="UTF-8"?>
<!-- Generated by org.testng.reporters.JUnitXMLReporter -->
<testsuite ignored="0" hostname="DESKTOP-0F4J0C4" failures="1" tests="3" name="Test" time="96.412" errors="0" timestamp="2022-11-05T16:48:55 PDT">
  <testcase classname="scripting.Testcase3" name="tc3" time="10.308">
    <failure type="org.openqa.selenium.ElementClickInterceptedException" message="element click intercepted: Element &amp;lt;iframe src=&amp;quot;https://player.vimeo.com/video/356464956&amp;quot; width=&amp;quot;600&amp;quot; height=&amp;quot;300&amp;quot; frameborder=&amp;quot;0&amp;quot; allow=&amp;quot;autoplay; fullscreen&amp;quot; allowfullscreen=&amp;quot;&amp;quot; cd_frame_id_=&amp;quot;fd7a0f9cbddd16cc65c79f8db0383ccf&amp;quot;&amp;gt;&amp;lt;/iframe&amp;gt; is not clickable at point (396, 504). Other element would receive the click: &amp;lt;div id=&amp;quot;gdpr-cookie-message&amp;quot; style=&amp;quot;display: block;&amp;quot;&amp;gt;...&amp;lt;/div&amp;gt;
  (Session info: chrome=107.0.5304.88)
Build info: version: &amp;apos;3.141.59&amp;apos;, revision: &amp;apos;e82be7d358&amp;apos;, time: &amp;apos;2018-11-14T08:17:03&amp;apos;
System info: host: &amp;apos;DESKTOP-0F4J0C4&amp;apos;, ip: &amp;apos;192.168.0.100&amp;apos;, os.name: &amp;apos;Windows 10&amp;apos;, os.arch: &amp;apos;amd64&amp;apos;, os.version: &amp;apos;10.0&amp;apos;, java.version: &amp;apos;17.0.4.1&amp;apos;
Driver info: org.openqa.selenium.chrome.ChromeDriver
Capabilities {acceptInsecureCerts: false, browserName: chrome, browserVersion: 107.0.5304.88, chrome: {chromedriverVersion: 107.0.5304.62 (1eec40d3a576..., userDataDir: C:\Users\Admin\AppData\Loca...}, goog:chromeOptions: {debuggerAddress: localhost:50684}, javascriptEnabled: true, networkConnectionEnabled: false, pageLoadStrategy: normal, platform: WINDOWS, platformName: WINDOWS, proxy: Proxy(), setWindowRect: true, strictFileInteractability: false, timeouts: {implicit: 0, pageLoad: 300000, script: 30000}, unhandledPromptBehavior: dismiss and notify, webauthn:extension:credBlob: true, webauthn:extension:largeBlob: true, webauthn:virtualAuthenticators: true}
Session ID: 7a0b15391ab5b3d3feb6bd11c56f2c7a">
      <![CDATA[org.openqa.selenium.ElementClickInterceptedException: element click intercepted: Element <iframe src="https://player.vimeo.com/video/356464956" width="600" height="300" frameborder="0" allow="autoplay; fullscreen" allowfullscreen="" cd_frame_id_="fd7a0f9cbddd16cc65c79f8db0383ccf"></iframe> is not clickable at point (396, 504). Other element would receive the click: <div id="gdpr-cookie-message" style="display: block;">...</div>
  (Session info: chrome=107.0.5304.88)
Build info: version: '3.141.59', revision: 'e82be7d358', time: '2018-11-14T08:17:03'
System info: host: 'DESKTOP-0F4J0C4', ip: '192.168.0.100', os.name: 'Windows 10', os.arch: 'amd64', os.version: '10.0', java.version: '17.0.4.1'
Driver info: org.openqa.selenium.chrome.ChromeDriver
Capabilities {acceptInsecureCerts: false, browserName: chrome, browserVersion: 107.0.5304.88, chrome: {chromedriverVersion: 107.0.5304.62 (1eec40d3a576..., userDataDir: C:\Users\Admin\AppData\Loca...}, goog:chromeOptions: {debuggerAddress: localhost:50684}, javascriptEnabled: true, networkConnectionEnabled: false, pageLoadStrategy: normal, platform: WINDOWS, platformName: WINDOWS, proxy: Proxy(), setWindowRect: true, strictFileInteractability: false, timeouts: {implicit: 0, pageLoad: 300000, script: 30000}, unhandledPromptBehavior: dismiss and notify, webauthn:extension:credBlob: true, webauthn:extension:largeBlob: true, webauthn:virtualAuthenticators: true}
Session ID: 7a0b15391ab5b3d3feb6bd11c56f2c7a
at org.openqa.selenium.remote.http.W3CHttpResponseCodec.createException(W3CHttpResponseCodec.java:187)
at org.openqa.selenium.remote.http.W3CHttpResponseCodec.decode(W3CHttpResponseCodec.java:122)
at org.openqa.selenium.remote.http.W3CHttpResponseCodec.decode(W3CHttpResponseCodec.java:49)
at org.openqa.selenium.remote.HttpCommandExecutor.execute(HttpCommandExecutor.java:158)
at org.openqa.selenium.remote.service.DriverCommandExecutor.execute(DriverCommandExecutor.java:83)
at org.openqa.selenium.remote.RemoteWebDriver.execute(RemoteWebDriver.java:552)
at org.openqa.selenium.remote.RemoteWebElement.execute(RemoteWebElement.java:285)
at org.openqa.selenium.remote.RemoteWebElement.click(RemoteWebElement.java:84)
at org.openqa.selenium.support.pagefactory.internal.LocatingElementHandler.invoke(LocatingElementHandler.java:51)
at jdk.proxy2/jdk.proxy2.$Proxy12.click(Unknown Source)
at pomPages.WishlistPage.playbutton(WishlistPage.java:24)
at scripting.Testcase3.tc3(Testcase3.java:25)
at java.base/java.util.ArrayList.forEach(ArrayList.java:1511)
... Removed 36 stack frames]]>
    </failure>
  </testcase> <!-- tc3 -->
  <testcase classname="scripting.Testcase1" name="tc1" time="9.774"/>
  <testcase classname="scripting.Testcase2" name="tc2" time="61.702"/>
</testsuite> <!-- Test -->
